<?xml version="1.0" encoding="UTF-8"?>
<!-- Generated by org.testng.reporters.JUnitReportReporter -->
<testsuite hostname="Suman" failures="0" tests="1" name="uiautomation.LoginTest" time="8.191" errors="0" timestamp="2025-04-05T18:04:24 IST" skipped="0">
  <testcase classname="uiautomation.LoginTest" name="Loginpage" time="8.191"/>
</testsuite> <!-- uiautomation.LoginTest -->
