<?xml version="1.0" encoding="UTF-8"?>
<!-- Generated by org.testng.reporters.JUnitReportReporter -->
<testsuite hostname="Suman" failures="0" tests="1" name="uiautomation.Product_Filtering" time="11.105" errors="0" timestamp="2025-04-05T19:17:39 IST" skipped="0">
  <testcase classname="uiautomation.Product_Filtering" name="productfilter" time="11.105"/>
</testsuite> <!-- uiautomation.Product_Filtering -->
